{"C:\\Users\\cesar.alvan\\Documents\\personalProjects\\backend\\gami-admin-back\\src\\constants\\message.ts": {"path":"C:\\Users\\cesar.alvan\\Documents\\personalProjects\\backend\\gami-admin-back\\src\\constants\\message.ts","statementMap":{"0":{"start":{"line":1,"column":13},"end":{"line":2,"column":68}},"1":{"start":{"line":3,"column":13},"end":{"line":4,"column":119}},"2":{"start":{"line":10,"column":13},"end":{"line":60,"column":2}},"3":{"start":{"line":11,"column":55},"end":{"line":17,"column":4}},"4":{"start":{"line":18,"column":56},"end":{"line":24,"column":4}},"5":{"start":{"line":25,"column":59},"end":{"line":31,"column":4}},"6":{"start":{"line":32,"column":53},"end":{"line":38,"column":4}},"7":{"start":{"line":39,"column":52},"end":{"line":45,"column":4}},"8":{"start":{"line":46,"column":52},"end":{"line":52,"column":4}},"9":{"start":{"line":53,"column":51},"end":{"line":59,"column":4}}},"fnMap":{"0":{"name":"(anonymous_0)","decl":{"start":{"line":11,"column":15},"end":{"line":11,"column":19}},"loc":{"start":{"line":11,"column":55},"end":{"line":17,"column":4}}},"1":{"name":"(anonymous_1)","decl":{"start":{"line":18,"column":16},"end":{"line":18,"column":20}},"loc":{"start":{"line":18,"column":56},"end":{"line":24,"column":4}}},"2":{"name":"(anonymous_2)","decl":{"start":{"line":25,"column":19},"end":{"line":25,"column":23}},"loc":{"start":{"line":25,"column":59},"end":{"line":31,"column":4}}},"3":{"name":"(anonymous_3)","decl":{"start":{"line":32,"column":13},"end":{"line":32,"column":17}},"loc":{"start":{"line":32,"column":53},"end":{"line":38,"column":4}}},"4":{"name":"(anonymous_4)","decl":{"start":{"line":39,"column":12},"end":{"line":39,"column":16}},"loc":{"start":{"line":39,"column":52},"end":{"line":45,"column":4}}},"5":{"name":"(anonymous_5)","decl":{"start":{"line":46,"column":12},"end":{"line":46,"column":16}},"loc":{"start":{"line":46,"column":52},"end":{"line":52,"column":4}}},"6":{"name":"(anonymous_6)","decl":{"start":{"line":53,"column":11},"end":{"line":53,"column":15}},"loc":{"start":{"line":53,"column":51},"end":{"line":59,"column":4}}}},"branchMap":{"0":{"loc":{"start":{"line":15,"column":15},"end":{"line":15,"column":40}},"type":"binary-expr","locations":[{"start":{"line":15,"column":15},"end":{"line":15,"column":22}},{"start":{"line":15,"column":26},"end":{"line":15,"column":40}}]},"1":{"loc":{"start":{"line":22,"column":15},"end":{"line":22,"column":40}},"type":"binary-expr","locations":[{"start":{"line":22,"column":15},"end":{"line":22,"column":22}},{"start":{"line":22,"column":26},"end":{"line":22,"column":40}}]},"2":{"loc":{"start":{"line":29,"column":15},"end":{"line":29,"column":44}},"type":"binary-expr","locations":[{"start":{"line":29,"column":15},"end":{"line":29,"column":22}},{"start":{"line":29,"column":26},"end":{"line":29,"column":44}}]},"3":{"loc":{"start":{"line":36,"column":15},"end":{"line":36,"column":37}},"type":"binary-expr","locations":[{"start":{"line":36,"column":15},"end":{"line":36,"column":22}},{"start":{"line":36,"column":26},"end":{"line":36,"column":37}}]},"4":{"loc":{"start":{"line":43,"column":15},"end":{"line":43,"column":37}},"type":"binary-expr","locations":[{"start":{"line":43,"column":15},"end":{"line":43,"column":22}},{"start":{"line":43,"column":26},"end":{"line":43,"column":37}}]},"5":{"loc":{"start":{"line":50,"column":15},"end":{"line":50,"column":36}},"type":"binary-expr","locations":[{"start":{"line":50,"column":15},"end":{"line":50,"column":22}},{"start":{"line":50,"column":26},"end":{"line":50,"column":36}}]},"6":{"loc":{"start":{"line":57,"column":15},"end":{"line":57,"column":45}},"type":"binary-expr","locations":[{"start":{"line":57,"column":15},"end":{"line":57,"column":22}},{"start":{"line":57,"column":26},"end":{"line":57,"column":45}}]}},"s":{"0":1,"1":1,"2":1,"3":0,"4":0,"5":0,"6":0,"7":0,"8":0,"9":0},"f":{"0":0,"1":0,"2":0,"3":0,"4":0,"5":0,"6":0},"b":{"0":[0,0],"1":[0,0],"2":[0,0],"3":[0,0],"4":[0,0],"5":[0,0],"6":[0,0]}}
,"C:\\Users\\cesar.alvan\\Documents\\personalProjects\\backend\\gami-admin-back\\src\\controllers\\TagsController.ts": {"path":"C:\\Users\\cesar.alvan\\Documents\\personalProjects\\backend\\gami-admin-back\\src\\controllers\\TagsController.ts","statementMap":{"0":{"start":{"line":1,"column":0},"end":{"line":1,"column":40}},"1":{"start":{"line":2,"column":0},"end":{"line":2,"column":53}},"2":{"start":{"line":6,"column":4},"end":{"line":6,"column":25}},"3":{"start":{"line":10,"column":23},"end":{"line":10,"column":52}},"4":{"start":{"line":12,"column":9},"end":{"line":12,"column":23}}},"fnMap":{"0":{"name":"(anonymous_1)","decl":{"start":{"line":5,"column":2},"end":{"line":5,"column":14}},"loc":{"start":{"line":5,"column":32},"end":{"line":7,"column":3}}}},"branchMap":{},"s":{"0":1,"1":1,"2":1,"3":1,"4":1},"f":{"0":1},"b":{}}
,"C:\\Users\\cesar.alvan\\Documents\\personalProjects\\backend\\gami-admin-back\\src\\controllers\\index.ts": {"path":"C:\\Users\\cesar.alvan\\Documents\\personalProjects\\backend\\gami-admin-back\\src\\controllers\\index.ts","statementMap":{"0":{"start":{"line":1,"column":0},"end":{"line":1,"column":9}},"1":{"start":{"line":1,"column":9},"end":{"line":1,"column":50}}},"fnMap":{"0":{"name":"(anonymous_0)","decl":{"start":{"line":1,"column":9},"end":{"line":1,"column":23}},"loc":{"start":{"line":1,"column":9},"end":{"line":1,"column":50}}}},"branchMap":{},"s":{"0":1,"1":2},"f":{"0":1},"b":{}}
,"C:\\Users\\cesar.alvan\\Documents\\personalProjects\\backend\\gami-admin-back\\src\\entities\\ExternalPostEntity.ts": {"path":"C:\\Users\\cesar.alvan\\Documents\\personalProjects\\backend\\gami-admin-back\\src\\entities\\ExternalPostEntity.ts","statementMap":{"0":{"start":{"line":1,"column":0},"end":{"line":1,"column":34}},"1":{"start":{"line":2,"column":0},"end":{"line":2,"column":53}},"2":{"start":{"line":4,"column":39},"end":{"line":65,"column":1}},"3":{"start":{"line":5,"column":28},"end":{"line":5,"column":43}},"4":{"start":{"line":6,"column":17},"end":{"line":61,"column":4}},"5":{"start":{"line":63,"column":17},"end":{"line":63,"column":60}},"6":{"start":{"line":64,"column":2},"end":{"line":64,"column":30}},"7":{"start":{"line":4,"column":13},"end":{"line":4,"column":39}}},"fnMap":{"0":{"name":"(anonymous_1)","decl":{"start":{"line":4,"column":39},"end":{"line":4,"column":43}},"loc":{"start":{"line":4,"column":59},"end":{"line":65,"column":1}}}},"branchMap":{},"s":{"0":1,"1":1,"2":1,"3":1,"4":1,"5":1,"6":1,"7":1},"f":{"0":1},"b":{}}
,"C:\\Users\\cesar.alvan\\Documents\\personalProjects\\backend\\gami-admin-back\\src\\entities\\PostEntity.ts": {"path":"C:\\Users\\cesar.alvan\\Documents\\personalProjects\\backend\\gami-admin-back\\src\\entities\\PostEntity.ts","statementMap":{"0":{"start":{"line":1,"column":0},"end":{"line":1,"column":34}},"1":{"start":{"line":2,"column":0},"end":{"line":2,"column":53}},"2":{"start":{"line":4,"column":31},"end":{"line":58,"column":1}},"3":{"start":{"line":9,"column":17},"end":{"line":54,"column":4}},"4":{"start":{"line":56,"column":17},"end":{"line":56,"column":52}},"5":{"start":{"line":57,"column":2},"end":{"line":57,"column":30}},"6":{"start":{"line":4,"column":13},"end":{"line":4,"column":31}}},"fnMap":{"0":{"name":"(anonymous_1)","decl":{"start":{"line":4,"column":31},"end":{"line":4,"column":null}},"loc":{"start":{"line":8,"column":4},"end":{"line":58,"column":1}}}},"branchMap":{},"s":{"0":1,"1":1,"2":1,"3":1,"4":1,"5":1,"6":1},"f":{"0":1},"b":{}}
,"C:\\Users\\cesar.alvan\\Documents\\personalProjects\\backend\\gami-admin-back\\src\\entities\\SnippetEntity.ts": {"path":"C:\\Users\\cesar.alvan\\Documents\\personalProjects\\backend\\gami-admin-back\\src\\entities\\SnippetEntity.ts","statementMap":{"0":{"start":{"line":1,"column":0},"end":{"line":1,"column":53}},"1":{"start":{"line":3,"column":34},"end":{"line":30,"column":1}},"2":{"start":{"line":4,"column":17},"end":{"line":26,"column":4}},"3":{"start":{"line":28,"column":17},"end":{"line":28,"column":55}},"4":{"start":{"line":29,"column":2},"end":{"line":29,"column":30}},"5":{"start":{"line":3,"column":13},"end":{"line":3,"column":34}}},"fnMap":{"0":{"name":"(anonymous_1)","decl":{"start":{"line":3,"column":34},"end":{"line":3,"column":37}},"loc":{"start":{"line":3,"column":39},"end":{"line":30,"column":1}}}},"branchMap":{},"s":{"0":1,"1":1,"2":1,"3":1,"4":1,"5":1},"f":{"0":1},"b":{}}
,"C:\\Users\\cesar.alvan\\Documents\\personalProjects\\backend\\gami-admin-back\\src\\entities\\TagEntity.ts": {"path":"C:\\Users\\cesar.alvan\\Documents\\personalProjects\\backend\\gami-admin-back\\src\\entities\\TagEntity.ts","statementMap":{"0":{"start":{"line":2,"column":0},"end":{"line":2,"column":53}},"1":{"start":{"line":4,"column":30},"end":{"line":31,"column":1}},"2":{"start":{"line":5,"column":17},"end":{"line":27,"column":4}},"3":{"start":{"line":29,"column":17},"end":{"line":29,"column":51}},"4":{"start":{"line":30,"column":2},"end":{"line":30,"column":30}},"5":{"start":{"line":4,"column":13},"end":{"line":4,"column":30}}},"fnMap":{"0":{"name":"(anonymous_1)","decl":{"start":{"line":4,"column":30},"end":{"line":4,"column":36}},"loc":{"start":{"line":4,"column":38},"end":{"line":31,"column":1}}}},"branchMap":{},"s":{"0":1,"1":1,"2":1,"3":1,"4":1,"5":1},"f":{"0":1},"b":{}}
,"C:\\Users\\cesar.alvan\\Documents\\personalProjects\\backend\\gami-admin-back\\src\\entities\\UserEntity.ts": {"path":"C:\\Users\\cesar.alvan\\Documents\\personalProjects\\backend\\gami-admin-back\\src\\entities\\UserEntity.ts","statementMap":{"0":{"start":{"line":1,"column":0},"end":{"line":1,"column":34}},"1":{"start":{"line":2,"column":0},"end":{"line":2,"column":53}},"2":{"start":{"line":4,"column":31},"end":{"line":65,"column":1}},"3":{"start":{"line":5,"column":17},"end":{"line":61,"column":4}},"4":{"start":{"line":63,"column":17},"end":{"line":63,"column":52}},"5":{"start":{"line":64,"column":2},"end":{"line":64,"column":30}},"6":{"start":{"line":4,"column":13},"end":{"line":4,"column":31}}},"fnMap":{"0":{"name":"(anonymous_1)","decl":{"start":{"line":4,"column":31},"end":{"line":4,"column":35}},"loc":{"start":{"line":4,"column":56},"end":{"line":65,"column":1}}}},"branchMap":{},"s":{"0":1,"1":1,"2":1,"3":1,"4":1,"5":1,"6":1},"f":{"0":1},"b":{}}
,"C:\\Users\\cesar.alvan\\Documents\\personalProjects\\backend\\gami-admin-back\\src\\entities\\UserTypeEntity.ts": {"path":"C:\\Users\\cesar.alvan\\Documents\\personalProjects\\backend\\gami-admin-back\\src\\entities\\UserTypeEntity.ts","statementMap":{"0":{"start":{"line":1,"column":0},"end":{"line":1,"column":53}},"1":{"start":{"line":3,"column":35},"end":{"line":30,"column":1}},"2":{"start":{"line":4,"column":17},"end":{"line":26,"column":4}},"3":{"start":{"line":28,"column":17},"end":{"line":28,"column":56}},"4":{"start":{"line":29,"column":2},"end":{"line":29,"column":30}},"5":{"start":{"line":3,"column":13},"end":{"line":3,"column":35}}},"fnMap":{"0":{"name":"(anonymous_1)","decl":{"start":{"line":3,"column":35},"end":{"line":3,"column":41}},"loc":{"start":{"line":3,"column":43},"end":{"line":30,"column":1}}}},"branchMap":{},"s":{"0":1,"1":1,"2":1,"3":1,"4":1,"5":1},"f":{"0":1},"b":{}}
,"C:\\Users\\cesar.alvan\\Documents\\personalProjects\\backend\\gami-admin-back\\src\\entities\\index.ts": {"path":"C:\\Users\\cesar.alvan\\Documents\\personalProjects\\backend\\gami-admin-back\\src\\entities\\index.ts","statementMap":{"0":{"start":{"line":1,"column":0},"end":{"line":1,"column":63}},"1":{"start":{"line":2,"column":0},"end":{"line":2,"column":53}},"2":{"start":{"line":3,"column":0},"end":{"line":3,"column":45}},"3":{"start":{"line":4,"column":0},"end":{"line":4,"column":47}},"4":{"start":{"line":5,"column":0},"end":{"line":5,"column":55}},"5":{"start":{"line":6,"column":0},"end":{"line":6,"column":47}},"6":{"start":{"line":8,"column":23},"end":{"line":8,"column":44}},"7":{"start":{"line":20,"column":2},"end":{"line":20,"column":16}},"8":{"start":{"line":9,"column":19},"end":{"line":9,"column":59}},"9":{"start":{"line":21,"column":2},"end":{"line":21,"column":12}},"10":{"start":{"line":10,"column":18},"end":{"line":10,"column":34}},"11":{"start":{"line":22,"column":2},"end":{"line":22,"column":11}},"12":{"start":{"line":11,"column":22},"end":{"line":11,"column":42}},"13":{"start":{"line":23,"column":2},"end":{"line":23,"column":15}},"14":{"start":{"line":12,"column":19},"end":{"line":15,"column":null}},"15":{"start":{"line":24,"column":2},"end":{"line":24,"column":12}},"16":{"start":{"line":17,"column":27},"end":{"line":17,"column":70}},"17":{"start":{"line":25,"column":2},"end":{"line":25,"column":20}}},"fnMap":{},"branchMap":{},"s":{"0":1,"1":1,"2":1,"3":1,"4":1,"5":1,"6":1,"7":1,"8":1,"9":1,"10":1,"11":1,"12":1,"13":1,"14":1,"15":1,"16":1,"17":1},"f":{},"b":{}}
,"C:\\Users\\cesar.alvan\\Documents\\personalProjects\\backend\\gami-admin-back\\src\\helpers\\Faker.ts": {"path":"C:\\Users\\cesar.alvan\\Documents\\personalProjects\\backend\\gami-admin-back\\src\\helpers\\Faker.ts","statementMap":{"0":{"start":{"line":1,"column":0},"end":{"line":1,"column":35}},"1":{"start":{"line":5,"column":24},"end":{"line":5,"column":38}},"2":{"start":{"line":6,"column":4},"end":{"line":6,"column":34}},"3":{"start":{"line":10,"column":0},"end":{"line":10,"column":21}}},"fnMap":{"0":{"name":"(anonymous_0)","decl":{"start":{"line":4,"column":2},"end":{"line":4,"column":8}},"loc":{"start":{"line":4,"column":26},"end":{"line":7,"column":3}}}},"branchMap":{},"s":{"0":1,"1":1,"2":1,"3":1},"f":{"0":1},"b":{}}
,"C:\\Users\\cesar.alvan\\Documents\\personalProjects\\backend\\gami-admin-back\\src\\helpers\\environment-validator.ts": {"path":"C:\\Users\\cesar.alvan\\Documents\\personalProjects\\backend\\gami-admin-back\\src\\helpers\\environment-validator.ts","statementMap":{"0":{"start":{"line":1,"column":0},"end":{"line":1,"column":null}},"1":{"start":{"line":5,"column":0},"end":{"line":5,"column":52}},"2":{"start":{"line":7,"column":36},"end":{"line":23,"column":1}},"3":{"start":{"line":8,"column":2},"end":{"line":14,"column":null}},"4":{"start":{"line":9,"column":4},"end":{"line":12,"column":7}},"5":{"start":{"line":13,"column":4},"end":{"line":13,"column":19}},"6":{"start":{"line":16,"column":2},"end":{"line":22,"column":null}},"7":{"start":{"line":17,"column":4},"end":{"line":20,"column":7}},"8":{"start":{"line":21,"column":4},"end":{"line":21,"column":19}},"9":{"start":{"line":7,"column":13},"end":{"line":7,"column":36}}},"fnMap":{"0":{"name":"(anonymous_1)","decl":{"start":{"line":7,"column":36},"end":{"line":7,"column":39}},"loc":{"start":{"line":7,"column":41},"end":{"line":23,"column":1}}}},"branchMap":{"0":{"loc":{"start":{"line":8,"column":2},"end":{"line":14,"column":null}},"type":"if","locations":[{"start":{"line":8,"column":2},"end":{"line":14,"column":null}}]},"1":{"loc":{"start":{"line":16,"column":2},"end":{"line":22,"column":null}},"type":"if","locations":[{"start":{"line":16,"column":2},"end":{"line":22,"column":null}}]}},"s":{"0":1,"1":1,"2":1,"3":2,"4":0,"5":0,"6":2,"7":0,"8":0,"9":1},"f":{"0":2},"b":{"0":[0],"1":[0]}}
,"C:\\Users\\cesar.alvan\\Documents\\personalProjects\\backend\\gami-admin-back\\src\\initial-data\\index.ts": {"path":"C:\\Users\\cesar.alvan\\Documents\\personalProjects\\backend\\gami-admin-back\\src\\initial-data\\index.ts","statementMap":{"0":{"start":{"line":2,"column":0},"end":{"line":2,"column":40}},"1":{"start":{"line":3,"column":0},"end":{"line":3,"column":50}},"2":{"start":{"line":5,"column":13},"end":{"line":8,"column":2}}},"fnMap":{},"branchMap":{},"s":{"0":1,"1":1,"2":1},"f":{},"b":{}}
,"C:\\Users\\cesar.alvan\\Documents\\personalProjects\\backend\\gami-admin-back\\src\\initial-data\\tagEntity.ts": {"path":"C:\\Users\\cesar.alvan\\Documents\\personalProjects\\backend\\gami-admin-back\\src\\initial-data\\tagEntity.ts","statementMap":{"0":{"start":{"line":1,"column":13},"end":{"line":17,"column":2}}},"fnMap":{},"branchMap":{},"s":{"0":1},"f":{},"b":{}}
,"C:\\Users\\cesar.alvan\\Documents\\personalProjects\\backend\\gami-admin-back\\src\\initial-data\\userTypeEntity.ts": {"path":"C:\\Users\\cesar.alvan\\Documents\\personalProjects\\backend\\gami-admin-back\\src\\initial-data\\userTypeEntity.ts","statementMap":{"0":{"start":{"line":1,"column":13},"end":{"line":12,"column":2}}},"fnMap":{},"branchMap":{},"s":{"0":1},"f":{},"b":{}}
,"C:\\Users\\cesar.alvan\\Documents\\personalProjects\\backend\\gami-admin-back\\src\\main\\config\\Logger.ts": {"path":"C:\\Users\\cesar.alvan\\Documents\\personalProjects\\backend\\gami-admin-back\\src\\main\\config\\Logger.ts","statementMap":{"0":{"start":{"line":1,"column":0},"end":{"line":1,"column":30}},"1":{"start":{"line":2,"column":0},"end":{"line":2,"column":40}},"2":{"start":{"line":40,"column":4},"end":{"line":40,"column":12}},"3":{"start":{"line":5,"column":10},"end":{"line":37,"column":4}},"4":{"start":{"line":44,"column":21},"end":{"line":47,"column":null}},"5":{"start":{"line":46,"column":8},"end":{"line":46,"column":62}},"6":{"start":{"line":50,"column":19},"end":{"line":75,"column":6}},"7":{"start":{"line":77,"column":4},"end":{"line":77,"column":50}},"8":{"start":{"line":79,"column":4},"end":{"line":79,"column":18}},"9":{"start":{"line":83,"column":24},"end":{"line":83,"column":79}},"10":{"start":{"line":85,"column":0},"end":{"line":85,"column":31}}},"fnMap":{"0":{"name":"(anonymous_1)","decl":{"start":{"line":39,"column":2},"end":{"line":39,"column":null}},"loc":{"start":{"line":39,"column":2},"end":{"line":41,"column":3}}},"1":{"name":"(anonymous_2)","decl":{"start":{"line":43,"column":2},"end":{"line":43,"column":6}},"loc":{"start":{"line":43,"column":6},"end":{"line":80,"column":3}}},"2":{"name":"(anonymous_3)","decl":{"start":{"line":45,"column":6},"end":{"line":45,"column":7}},"loc":{"start":{"line":45,"column":47},"end":{"line":47,"column":7}}}},"branchMap":{},"s":{"0":1,"1":1,"2":1,"3":1,"4":1,"5":0,"6":1,"7":1,"8":1,"9":1,"10":1},"f":{"0":1,"1":1,"2":0},"b":{}}
,"C:\\Users\\cesar.alvan\\Documents\\personalProjects\\backend\\gami-admin-back\\src\\main\\config\\apps\\express.ts": {"path":"C:\\Users\\cesar.alvan\\Documents\\personalProjects\\backend\\gami-admin-back\\src\\main\\config\\apps\\express.ts","statementMap":{"0":{"start":{"line":1,"column":0},"end":{"line":1,"column":30}},"1":{"start":{"line":2,"column":0},"end":{"line":2,"column":44}},"2":{"start":{"line":3,"column":0},"end":{"line":3,"column":40}},"3":{"start":{"line":5,"column":26},"end":{"line":29,"column":1}},"4":{"start":{"line":6,"column":2},"end":{"line":28,"column":null}},"5":{"start":{"line":7,"column":16},"end":{"line":7,"column":25}},"6":{"start":{"line":8,"column":23},"end":{"line":8,"column":37}},"7":{"start":{"line":9,"column":4},"end":{"line":9,"column":24}},"8":{"start":{"line":11,"column":4},"end":{"line":11,"column":32}},"9":{"start":{"line":13,"column":4},"end":{"line":18,"column":7}},"10":{"start":{"line":14,"column":6},"end":{"line":17,"column":9}},"11":{"start":{"line":20,"column":4},"end":{"line":20,"column":15}},"12":{"start":{"line":22,"column":4},"end":{"line":25,"column":7}},"13":{"start":{"line":27,"column":4},"end":{"line":27,"column":16}},"14":{"start":{"line":5,"column":13},"end":{"line":5,"column":26}}},"fnMap":{"0":{"name":"(anonymous_1)","decl":{"start":{"line":5,"column":26},"end":{"line":5,"column":29}},"loc":{"start":{"line":5,"column":31},"end":{"line":29,"column":1}}},"1":{"name":"(anonymous_2)","decl":{"start":{"line":13,"column":40},"end":{"line":13,"column":43}},"loc":{"start":{"line":13,"column":45},"end":{"line":18,"column":5}}}},"branchMap":{},"s":{"0":1,"1":1,"2":1,"3":1,"4":2,"5":2,"6":2,"7":2,"8":2,"9":2,"10":1,"11":2,"12":0,"13":0,"14":1},"f":{"0":2,"1":1},"b":{}}
,"C:\\Users\\cesar.alvan\\Documents\\personalProjects\\backend\\gami-admin-back\\src\\main\\config\\apps\\index.ts": {"path":"C:\\Users\\cesar.alvan\\Documents\\personalProjects\\backend\\gami-admin-back\\src\\main\\config\\apps\\index.ts","statementMap":{"0":{"start":{"line":1,"column":0},"end":{"line":1,"column":39}},"1":{"start":{"line":3,"column":19},"end":{"line":3,"column":37}},"2":{"start":{"line":3,"column":25},"end":{"line":3,"column":37}},"3":{"start":{"line":3,"column":13},"end":{"line":3,"column":19}}},"fnMap":{"0":{"name":"(anonymous_0)","decl":{"start":{"line":3,"column":19},"end":{"line":3,"column":22}},"loc":{"start":{"line":3,"column":25},"end":{"line":3,"column":37}}}},"branchMap":{},"s":{"0":1,"1":1,"2":2,"3":1},"f":{"0":2},"b":{}}
,"C:\\Users\\cesar.alvan\\Documents\\personalProjects\\backend\\gami-admin-back\\src\\main\\config\\database\\MongooseStrategy.ts": {"path":"C:\\Users\\cesar.alvan\\Documents\\personalProjects\\backend\\gami-admin-back\\src\\main\\config\\database\\MongooseStrategy.ts","statementMap":{"0":{"start":{"line":1,"column":0},"end":{"line":1,"column":32}},"1":{"start":{"line":2,"column":0},"end":{"line":2,"column":null}},"2":{"start":{"line":11,"column":0},"end":{"line":11,"column":40}},"3":{"start":{"line":22,"column":2},"end":{"line":22,"column":48}},"4":{"start":{"line":28,"column":4},"end":{"line":38,"column":null}},"5":{"start":{"line":29,"column":6},"end":{"line":29,"column":43}},"6":{"start":{"line":31,"column":6},"end":{"line":34,"column":9}},"7":{"start":{"line":36,"column":6},"end":{"line":36,"column":25}},"8":{"start":{"line":37,"column":6},"end":{"line":37,"column":67}},"9":{"start":{"line":42,"column":4},"end":{"line":54,"column":null}},"10":{"start":{"line":43,"column":6},"end":{"line":50,"column":8}},"11":{"start":{"line":52,"column":6},"end":{"line":52,"column":25}},"12":{"start":{"line":53,"column":6},"end":{"line":53,"column":49}},"13":{"start":{"line":58,"column":4},"end":{"line":72,"column":null}},"14":{"start":{"line":59,"column":6},"end":{"line":63,"column":null}},"15":{"start":{"line":60,"column":31},"end":{"line":60,"column":48}},"16":{"start":{"line":61,"column":8},"end":{"line":61,"column":38}},"17":{"start":{"line":61,"column":29},"end":{"line":61,"column":38}},"18":{"start":{"line":62,"column":26},"end":{"line":62,"column":66}},"19":{"start":{"line":65,"column":6},"end":{"line":68,"column":9}},"20":{"start":{"line":70,"column":6},"end":{"line":70,"column":25}},"21":{"start":{"line":71,"column":6},"end":{"line":71,"column":51}},"22":{"start":{"line":76,"column":0},"end":{"line":76,"column":32}}},"fnMap":{"0":{"name":"(anonymous_1)","decl":{"start":{"line":18,"column":0},"end":{"line":18,"column":6}},"loc":{"start":{"line":18,"column":0},"end":{"line":74,"column":1}}},"1":{"name":"(anonymous_2)","decl":{"start":{"line":24,"column":2},"end":{"line":24,"column":7}},"loc":{"start":{"line":26,"column":36},"end":{"line":39,"column":3}}},"2":{"name":"(anonymous_3)","decl":{"start":{"line":41,"column":2},"end":{"line":41,"column":12}},"loc":{"start":{"line":41,"column":12},"end":{"line":55,"column":3}}},"3":{"name":"(anonymous_4)","decl":{"start":{"line":57,"column":2},"end":{"line":57,"column":7}},"loc":{"start":{"line":57,"column":53},"end":{"line":73,"column":3}}}},"branchMap":{"0":{"loc":{"start":{"line":61,"column":8},"end":{"line":61,"column":38}},"type":"if","locations":[{"start":{"line":61,"column":8},"end":{"line":61,"column":38}}]}},"s":{"0":1,"1":1,"2":1,"3":2,"4":2,"5":2,"6":2,"7":0,"8":0,"9":2,"10":2,"11":0,"12":0,"13":0,"14":0,"15":0,"16":0,"17":0,"18":0,"19":0,"20":0,"21":0,"22":1},"f":{"0":2,"1":2,"2":2,"3":0},"b":{"0":[0]}}
,"C:\\Users\\cesar.alvan\\Documents\\personalProjects\\backend\\gami-admin-back\\src\\main\\config\\database\\config.ts": {"path":"C:\\Users\\cesar.alvan\\Documents\\personalProjects\\backend\\gami-admin-back\\src\\main\\config\\database\\config.ts","statementMap":{"0":{"start":{"line":9,"column":30},"end":{"line":30,"column":2}},"1":{"start":{"line":15,"column":18},"end":{"line":30,"column":2}},"2":{"start":{"line":9,"column":13},"end":{"line":9,"column":30}}},"fnMap":{"0":{"name":"(anonymous_0)","decl":{"start":{"line":9,"column":30},"end":{"line":9,"column":31}},"loc":{"start":{"line":15,"column":18},"end":{"line":30,"column":2}}}},"branchMap":{},"s":{"0":1,"1":2,"2":1},"f":{"0":2},"b":{}}
,"C:\\Users\\cesar.alvan\\Documents\\personalProjects\\backend\\gami-admin-back\\src\\main\\config\\database\\index.ts": {"path":"C:\\Users\\cesar.alvan\\Documents\\personalProjects\\backend\\gami-admin-back\\src\\main\\config\\database\\index.ts","statementMap":{"0":{"start":{"line":1,"column":0},"end":{"line":1,"column":51}},"1":{"start":{"line":3,"column":0},"end":{"line":3,"column":40}},"2":{"start":{"line":4,"column":0},"end":{"line":4,"column":42}},"3":{"start":{"line":5,"column":0},"end":{"line":5,"column":50}},"4":{"start":{"line":13,"column":10},"end":{"line":17,"column":18}},"5":{"start":{"line":26,"column":4},"end":{"line":26,"column":38}},"6":{"start":{"line":30,"column":4},"end":{"line":30,"column":26}},"7":{"start":{"line":38,"column":4},"end":{"line":52,"column":null}},"8":{"start":{"line":39,"column":6},"end":{"line":39,"column":34}},"9":{"start":{"line":39,"column":27},"end":{"line":39,"column":34}},"10":{"start":{"line":40,"column":6},"end":{"line":40,"column":49}},"11":{"start":{"line":41,"column":6},"end":{"line":43,"column":null}},"12":{"start":{"line":42,"column":8},"end":{"line":42,"column":36}},"13":{"start":{"line":44,"column":6},"end":{"line":46,"column":null}},"14":{"start":{"line":45,"column":8},"end":{"line":45,"column":55}},"15":{"start":{"line":48,"column":6},"end":{"line":51,"column":9}},"16":{"start":{"line":56,"column":25},"end":{"line":80,"column":1}},"17":{"start":{"line":63,"column":6},"end":{"line":63,"column":17}},"18":{"start":{"line":65,"column":35},"end":{"line":71,"column":4}},"19":{"start":{"line":73,"column":26},"end":{"line":73,"column":60}},"20":{"start":{"line":74,"column":2},"end":{"line":74,"column":54}},"21":{"start":{"line":75,"column":2},"end":{"line":75,"column":62}},"22":{"start":{"line":77,"column":25},"end":{"line":77,"column":59}},"23":{"start":{"line":79,"column":2},"end":{"line":79,"column":28}},"24":{"start":{"line":56,"column":13},"end":{"line":56,"column":25}}},"fnMap":{"0":{"name":"(anonymous_1)","decl":{"start":{"line":12,"column":0},"end":{"line":12,"column":6}},"loc":{"start":{"line":12,"column":0},"end":{"line":54,"column":1}}},"1":{"name":"(anonymous_2)","decl":{"start":{"line":19,"column":2},"end":{"line":19,"column":13}},"loc":{"start":{"line":24,"column":5},"end":{"line":27,"column":3}}},"2":{"name":"(anonymous_3)","decl":{"start":{"line":29,"column":2},"end":{"line":29,"column":6}},"loc":{"start":{"line":29,"column":14},"end":{"line":31,"column":3}}},"3":{"name":"(anonymous_4)","decl":{"start":{"line":33,"column":2},"end":{"line":33,"column":7}},"loc":{"start":{"line":36,"column":71},"end":{"line":53,"column":3}}},"4":{"name":"(anonymous_5)","decl":{"start":{"line":56,"column":25},"end":{"line":56,"column":30}},"loc":{"start":{"line":56,"column":36},"end":{"line":80,"column":1}}}},"branchMap":{"0":{"loc":{"start":{"line":39,"column":6},"end":{"line":39,"column":34}},"type":"if","locations":[{"start":{"line":39,"column":6},"end":{"line":39,"column":34}}]},"1":{"loc":{"start":{"line":41,"column":6},"end":{"line":43,"column":null}},"type":"if","locations":[{"start":{"line":41,"column":6},"end":{"line":43,"column":null}}]},"2":{"loc":{"start":{"line":44,"column":6},"end":{"line":46,"column":null}},"type":"if","locations":[{"start":{"line":44,"column":6},"end":{"line":46,"column":null}}]}},"s":{"0":1,"1":1,"2":1,"3":1,"4":2,"5":2,"6":2,"7":2,"8":2,"9":0,"10":2,"11":2,"12":2,"13":2,"14":0,"15":0,"16":1,"17":2,"18":2,"19":2,"20":2,"21":2,"22":2,"23":2,"24":1},"f":{"0":2,"1":2,"2":2,"3":2,"4":2},"b":{"0":[0],"1":[2],"2":[0]}}
,"C:\\Users\\cesar.alvan\\Documents\\personalProjects\\backend\\gami-admin-back\\src\\main\\server\\server.ts": {"path":"C:\\Users\\cesar.alvan\\Documents\\personalProjects\\backend\\gami-admin-back\\src\\main\\server\\server.ts","statementMap":{"0":{"start":{"line":1,"column":0},"end":{"line":1,"column":48}},"1":{"start":{"line":2,"column":0},"end":{"line":2,"column":75}},"2":{"start":{"line":3,"column":0},"end":{"line":3,"column":37}},"3":{"start":{"line":4,"column":0},"end":{"line":4,"column":47}},"4":{"start":{"line":6,"column":22},"end":{"line":17,"column":1}},"5":{"start":{"line":7,"column":2},"end":{"line":7,"column":25}},"6":{"start":{"line":8,"column":2},"end":{"line":12,"column":5}},"7":{"start":{"line":13,"column":2},"end":{"line":13,"column":20}},"8":{"start":{"line":14,"column":23},"end":{"line":14,"column":28}},"9":{"start":{"line":16,"column":2},"end":{"line":16,"column":22}},"10":{"start":{"line":6,"column":13},"end":{"line":6,"column":22}},"11":{"start":{"line":19,"column":0},"end":{"line":19,"column":9}}},"fnMap":{"0":{"name":"(anonymous_0)","decl":{"start":{"line":6,"column":22},"end":{"line":6,"column":27}},"loc":{"start":{"line":6,"column":33},"end":{"line":17,"column":1}}}},"branchMap":{"0":{"loc":{"start":{"line":10,"column":6},"end":{"line":10,"column":null}},"type":"binary-expr","locations":[{"start":{"line":10,"column":6},"end":{"line":10,"column":26}},{"start":{"line":10,"column":30},"end":{"line":10,"column":null}}]}},"s":{"0":1,"1":1,"2":1,"3":1,"4":1,"5":2,"6":2,"7":2,"8":2,"9":2,"10":1,"11":1},"f":{"0":2},"b":{"0":[2,0]}}
,"C:\\Users\\cesar.alvan\\Documents\\personalProjects\\backend\\gami-admin-back\\src\\pojos\\BaseController.ts": {"path":"C:\\Users\\cesar.alvan\\Documents\\personalProjects\\backend\\gami-admin-back\\src\\pojos\\BaseController.ts","statementMap":{"0":{"start":{"line":2,"column":0},"end":{"line":2,"column":52}},"1":{"start":{"line":3,"column":0},"end":{"line":3,"column":54}},"2":{"start":{"line":18,"column":4},"end":{"line":18,"column":40}},"3":{"start":{"line":22,"column":4},"end":{"line":28,"column":7}},"4":{"start":{"line":32,"column":4},"end":{"line":40,"column":null}},"5":{"start":{"line":33,"column":6},"end":{"line":37,"column":9}},"6":{"start":{"line":39,"column":6},"end":{"line":39,"column":13}},"7":{"start":{"line":41,"column":4},"end":{"line":41,"column":24}},"8":{"start":{"line":48,"column":4},"end":{"line":56,"column":null}},"9":{"start":{"line":49,"column":6},"end":{"line":49,"column":29}},"10":{"start":{"line":51,"column":6},"end":{"line":54,"column":9}},"11":{"start":{"line":55,"column":6},"end":{"line":55,"column":75}},"12":{"start":{"line":16,"column":0},"end":{"line":16,"column":22}}},"fnMap":{"0":{"name":"(anonymous_1)","decl":{"start":{"line":17,"column":9},"end":{"line":17,"column":15}},"loc":{"start":{"line":17,"column":71},"end":{"line":19,"column":3}}},"1":{"name":"(anonymous_2)","decl":{"start":{"line":21,"column":9},"end":{"line":21,"column":13}},"loc":{"start":{"line":21,"column":58},"end":{"line":29,"column":3}}},"2":{"name":"(anonymous_3)","decl":{"start":{"line":31,"column":9},"end":{"line":31,"column":11}},"loc":{"start":{"line":31,"column":44},"end":{"line":42,"column":3}}},"3":{"name":"(anonymous_4)","decl":{"start":{"line":44,"column":9},"end":{"line":44,"column":14}},"loc":{"start":{"line":46,"column":59},"end":{"line":57,"column":3}}}},"branchMap":{"0":{"loc":{"start":{"line":32,"column":4},"end":{"line":40,"column":null}},"type":"if","locations":[{"start":{"line":32,"column":4},"end":{"line":40,"column":null}}]}},"s":{"0":1,"1":1,"2":1,"3":0,"4":0,"5":0,"6":0,"7":0,"8":0,"9":0,"10":0,"11":0,"12":1},"f":{"0":1,"1":0,"2":0,"3":0},"b":{"0":[0]}}
,"C:\\Users\\cesar.alvan\\Documents\\personalProjects\\backend\\gami-admin-back\\src\\pojos\\BaseEntity.ts": {"path":"C:\\Users\\cesar.alvan\\Documents\\personalProjects\\backend\\gami-admin-back\\src\\pojos\\BaseEntity.ts","statementMap":{"0":{"start":{"line":5,"column":2},"end":{"line":5,"column":23}},"1":{"start":{"line":6,"column":2},"end":{"line":6,"column":25}},"2":{"start":{"line":7,"column":2},"end":{"line":7,"column":20}},"3":{"start":{"line":8,"column":2},"end":{"line":8,"column":36}},"4":{"start":{"line":11,"column":4},"end":{"line":11,"column":25}},"5":{"start":{"line":12,"column":4},"end":{"line":12,"column":21}},"6":{"start":{"line":13,"column":4},"end":{"line":13,"column":48}},"7":{"start":{"line":13,"column":25},"end":{"line":13,"column":48}},"8":{"start":{"line":24,"column":0},"end":{"line":24,"column":26}}},"fnMap":{"0":{"name":"(anonymous_0)","decl":{"start":{"line":10,"column":2},"end":{"line":10,"column":14}},"loc":{"start":{"line":10,"column":70},"end":{"line":14,"column":3}}}},"branchMap":{"0":{"loc":{"start":{"line":13,"column":4},"end":{"line":13,"column":48}},"type":"if","locations":[{"start":{"line":13,"column":4},"end":{"line":13,"column":48}}]}},"s":{"0":6,"1":6,"2":6,"3":6,"4":6,"5":6,"6":6,"7":6,"8":1},"f":{"0":6},"b":{"0":[6]}}
,"C:\\Users\\cesar.alvan\\Documents\\personalProjects\\backend\\gami-admin-back\\src\\pojos\\CrudController.ts": {"path":"C:\\Users\\cesar.alvan\\Documents\\personalProjects\\backend\\gami-admin-back\\src\\pojos\\CrudController.ts","statementMap":{"0":{"start":{"line":1,"column":0},"end":{"line":1,"column":50}},"1":{"start":{"line":17,"column":4},"end":{"line":17,"column":12}},"2":{"start":{"line":21,"column":2},"end":{"line":36,"column":4}},"3":{"start":{"line":22,"column":4},"end":{"line":35,"column":null}},"4":{"start":{"line":23,"column":28},"end":{"line":23,"column":60}},"5":{"start":{"line":25,"column":6},"end":{"line":32,"column":9}},"6":{"start":{"line":34,"column":6},"end":{"line":34,"column":63}},"7":{"start":{"line":37,"column":2},"end":{"line":37,"column":61}},"8":{"start":{"line":38,"column":2},"end":{"line":38,"column":65}},"9":{"start":{"line":39,"column":2},"end":{"line":39,"column":63}},"10":{"start":{"line":40,"column":2},"end":{"line":40,"column":63}},"11":{"start":{"line":18,"column":4},"end":{"line":18,"column":25}},"12":{"start":{"line":43,"column":0},"end":{"line":43,"column":30}}},"fnMap":{"0":{"name":"(anonymous_0)","decl":{"start":{"line":16,"column":2},"end":{"line":16,"column":14}},"loc":{"start":{"line":16,"column":36},"end":{"line":19,"column":3}}},"1":{"name":"(anonymous_1)","decl":{"start":{"line":21,"column":11},"end":{"line":21,"column":16}},"loc":{"start":{"line":21,"column":65},"end":{"line":36,"column":3}}},"2":{"name":"(anonymous_2)","decl":{"start":{"line":37,"column":9},"end":{"line":37,"column":10}},"loc":{"start":{"line":37,"column":57},"end":{"line":37,"column":60}}},"3":{"name":"(anonymous_3)","decl":{"start":{"line":38,"column":13},"end":{"line":38,"column":14}},"loc":{"start":{"line":38,"column":61},"end":{"line":38,"column":64}}},"4":{"name":"(anonymous_4)","decl":{"start":{"line":39,"column":11},"end":{"line":39,"column":12}},"loc":{"start":{"line":39,"column":59},"end":{"line":39,"column":62}}},"5":{"name":"(anonymous_5)","decl":{"start":{"line":40,"column":11},"end":{"line":40,"column":12}},"loc":{"start":{"line":40,"column":59},"end":{"line":40,"column":62}}}},"branchMap":{},"s":{"0":1,"1":1,"2":1,"3":1,"4":1,"5":1,"6":0,"7":1,"8":1,"9":1,"10":1,"11":1,"12":1},"f":{"0":1,"1":1,"2":0,"3":0,"4":0,"5":0},"b":{}}
,"C:\\Users\\cesar.alvan\\Documents\\personalProjects\\backend\\gami-admin-back\\src\\pojos\\MessagesController.ts": {"path":"C:\\Users\\cesar.alvan\\Documents\\personalProjects\\backend\\gami-admin-back\\src\\pojos\\MessagesController.ts","statementMap":{"0":{"start":{"line":2,"column":0},"end":{"line":2,"column":61}},"1":{"start":{"line":3,"column":0},"end":{"line":3,"column":50}},"2":{"start":{"line":13,"column":4},"end":{"line":15,"column":6}},"3":{"start":{"line":19,"column":0},"end":{"line":19,"column":34}}},"fnMap":{"0":{"name":"(anonymous_0)","decl":{"start":{"line":8,"column":9},"end":{"line":8,"column":30}},"loc":{"start":{"line":11,"column":20},"end":{"line":16,"column":3}}}},"branchMap":{},"s":{"0":1,"1":1,"2":0,"3":1},"f":{"0":0},"b":{}}
,"C:\\Users\\cesar.alvan\\Documents\\personalProjects\\backend\\gami-admin-back\\src\\pojos\\MongooseEntity.ts": {"path":"C:\\Users\\cesar.alvan\\Documents\\personalProjects\\backend\\gami-admin-back\\src\\pojos\\MongooseEntity.ts","statementMap":{"0":{"start":{"line":1,"column":0},"end":{"line":1,"column":51}},"1":{"start":{"line":2,"column":0},"end":{"line":2,"column":61}},"2":{"start":{"line":12,"column":4},"end":{"line":12,"column":33}},"3":{"start":{"line":16,"column":23},"end":{"line":16,"column":60}},"4":{"start":{"line":17,"column":27},"end":{"line":17,"column":64}},"5":{"start":{"line":18,"column":4},"end":{"line":18,"column":35}},"6":{"start":{"line":20,"column":4},"end":{"line":20,"column":16}},"7":{"start":{"line":23,"column":4},"end":{"line":23,"column":31}},"8":{"start":{"line":23,"column":24},"end":{"line":23,"column":31}},"9":{"start":{"line":25,"column":22},"end":{"line":25,"column":47}},"10":{"start":{"line":26,"column":18},"end":{"line":26,"column":40}},"11":{"start":{"line":28,"column":4},"end":{"line":28,"column":17}},"12":{"start":{"line":31,"column":4},"end":{"line":31,"column":31}},"13":{"start":{"line":31,"column":24},"end":{"line":31,"column":31}},"14":{"start":{"line":33,"column":18},"end":{"line":33,"column":55}},"15":{"start":{"line":35,"column":4},"end":{"line":35,"column":17}},"16":{"start":{"line":38,"column":4},"end":{"line":38,"column":31}},"17":{"start":{"line":38,"column":24},"end":{"line":38,"column":31}},"18":{"start":{"line":40,"column":23},"end":{"line":48,"column":7}},"19":{"start":{"line":40,"column":65},"end":{"line":48,"column":6}},"20":{"start":{"line":50,"column":27},"end":{"line":50,"column":68}},"21":{"start":{"line":52,"column":4},"end":{"line":52,"column":26}},"22":{"start":{"line":56,"column":0},"end":{"line":56,"column":30}}},"fnMap":{"0":{"name":"(anonymous_7)","decl":{"start":{"line":5,"column":2},"end":{"line":5,"column":null}},"loc":{"start":{"line":10,"column":5},"end":{"line":13,"column":3}}},"1":{"name":"(anonymous_8)","decl":{"start":{"line":15,"column":9},"end":{"line":15,"column":20}},"loc":{"start":{"line":15,"column":20},"end":{"line":21,"column":3}}},"2":{"name":"(anonymous_9)","decl":{"start":{"line":22,"column":9},"end":{"line":22,"column":14}},"loc":{"start":{"line":22,"column":47},"end":{"line":29,"column":3}}},"3":{"name":"(anonymous_10)","decl":{"start":{"line":30,"column":9},"end":{"line":30,"column":14}},"loc":{"start":{"line":30,"column":51},"end":{"line":36,"column":3}}},"4":{"name":"(anonymous_11)","decl":{"start":{"line":37,"column":9},"end":{"line":37,"column":14}},"loc":{"start":{"line":37,"column":54},"end":{"line":53,"column":3}}},"5":{"name":"(anonymous_12)","decl":{"start":{"line":40,"column":33},"end":{"line":40,"column":34}},"loc":{"start":{"line":40,"column":65},"end":{"line":48,"column":6}}}},"branchMap":{"0":{"loc":{"start":{"line":8,"column":4},"end":{"line":10,"column":null}},"type":"default-arg","locations":[{"start":{"line":8,"column":31},"end":{"line":10,"column":null}}]},"1":{"loc":{"start":{"line":23,"column":4},"end":{"line":23,"column":31}},"type":"if","locations":[{"start":{"line":23,"column":4},"end":{"line":23,"column":31}}]},"2":{"loc":{"start":{"line":31,"column":4},"end":{"line":31,"column":31}},"type":"if","locations":[{"start":{"line":31,"column":4},"end":{"line":31,"column":31}}]},"3":{"loc":{"start":{"line":38,"column":4},"end":{"line":38,"column":31}},"type":"if","locations":[{"start":{"line":38,"column":4},"end":{"line":38,"column":31}}]}},"s":{"0":1,"1":1,"2":6,"3":6,"4":6,"5":6,"6":6,"7":1,"8":0,"9":1,"10":1,"11":1,"12":0,"13":0,"14":0,"15":0,"16":0,"17":0,"18":0,"19":0,"20":0,"21":0,"22":1},"f":{"0":6,"1":6,"2":1,"3":0,"4":0,"5":0},"b":{"0":[6],"1":[0],"2":[0],"3":[0]}}
,"C:\\Users\\cesar.alvan\\Documents\\personalProjects\\backend\\gami-admin-back\\src\\pojos\\Singleton.ts": {"path":"C:\\Users\\cesar.alvan\\Documents\\personalProjects\\backend\\gami-admin-back\\src\\pojos\\Singleton.ts","statementMap":{"0":{"start":{"line":4,"column":4},"end":{"line":6,"column":null}},"1":{"start":{"line":5,"column":6},"end":{"line":5,"column":57}},"2":{"start":{"line":10,"column":4},"end":{"line":12,"column":null}},"3":{"start":{"line":11,"column":6},"end":{"line":11,"column":36}},"4":{"start":{"line":14,"column":4},"end":{"line":14,"column":30}},"5":{"start":{"line":18,"column":0},"end":{"line":18,"column":25}}},"fnMap":{"0":{"name":"(anonymous_0)","decl":{"start":{"line":3,"column":2},"end":{"line":3,"column":null}},"loc":{"start":{"line":3,"column":2},"end":{"line":7,"column":3}}},"1":{"name":"(anonymous_1)","decl":{"start":{"line":9,"column":9},"end":{"line":9,"column":15}},"loc":{"start":{"line":9,"column":42},"end":{"line":15,"column":3}}}},"branchMap":{"0":{"loc":{"start":{"line":4,"column":4},"end":{"line":6,"column":null}},"type":"if","locations":[{"start":{"line":4,"column":4},"end":{"line":6,"column":null}}]},"1":{"loc":{"start":{"line":10,"column":4},"end":{"line":12,"column":null}},"type":"if","locations":[{"start":{"line":10,"column":4},"end":{"line":12,"column":null}}]}},"s":{"0":1,"1":0,"2":1,"3":1,"4":1,"5":1},"f":{"0":1,"1":1},"b":{"0":[0],"1":[1]}}
,"C:\\Users\\cesar.alvan\\Documents\\personalProjects\\backend\\gami-admin-back\\src\\pojos\\index.ts": {"path":"C:\\Users\\cesar.alvan\\Documents\\personalProjects\\backend\\gami-admin-back\\src\\pojos\\index.ts","statementMap":{"0":{"start":{"line":1,"column":0},"end":{"line":1,"column":7}},"1":{"start":{"line":3,"column":9},"end":{"line":1,"column":36}}},"fnMap":{},"branchMap":{},"s":{"0":1,"1":1},"f":{},"b":{}}
,"C:\\Users\\cesar.alvan\\Documents\\personalProjects\\backend\\gami-admin-back\\src\\routes\\TagRouter.ts": {"path":"C:\\Users\\cesar.alvan\\Documents\\personalProjects\\backend\\gami-admin-back\\src\\routes\\TagRouter.ts","statementMap":{"0":{"start":{"line":1,"column":0},"end":{"line":1,"column":30}},"1":{"start":{"line":2,"column":0},"end":{"line":2,"column":48}},"2":{"start":{"line":4,"column":15},"end":{"line":4,"column":31}},"3":{"start":{"line":8,"column":19},"end":{"line":8,"column":28}},"4":{"start":{"line":6,"column":0},"end":{"line":6,"column":40}}},"fnMap":{},"branchMap":{},"s":{"0":1,"1":1,"2":1,"3":1,"4":1},"f":{},"b":{}}
,"C:\\Users\\cesar.alvan\\Documents\\personalProjects\\backend\\gami-admin-back\\src\\routes\\index.ts": {"path":"C:\\Users\\cesar.alvan\\Documents\\personalProjects\\backend\\gami-admin-back\\src\\routes\\index.ts","statementMap":{"0":{"start":{"line":1,"column":0},"end":{"line":1,"column":9}},"1":{"start":{"line":1,"column":9},"end":{"line":1,"column":40}}},"fnMap":{"0":{"name":"(anonymous_0)","decl":{"start":{"line":1,"column":9},"end":{"line":1,"column":18}},"loc":{"start":{"line":1,"column":9},"end":{"line":1,"column":40}}}},"branchMap":{},"s":{"0":1,"1":3},"f":{"0":2},"b":{}}
}
