TN:
SF:src\constants\message.ts
FN:11,(anonymous_0)
FN:18,(anonymous_1)
FN:25,(anonymous_2)
FN:32,(anonymous_3)
FN:39,(anonymous_4)
FN:46,(anonymous_5)
FN:53,(anonymous_6)
FNF:7
FNH:0
FNDA:0,(anonymous_0)
FNDA:0,(anonymous_1)
FNDA:0,(anonymous_2)
FNDA:0,(anonymous_3)
FNDA:0,(anonymous_4)
FNDA:0,(anonymous_5)
FNDA:0,(anonymous_6)
DA:1,1
DA:3,1
DA:10,1
DA:11,0
DA:18,0
DA:25,0
DA:32,0
DA:39,0
DA:46,0
DA:53,0
LF:10
LH:3
BRDA:15,0,0,0
BRDA:15,0,1,0
BRDA:22,1,0,0
BRDA:22,1,1,0
BRDA:29,2,0,0
BRDA:29,2,1,0
BRDA:36,3,0,0
BRDA:36,3,1,0
BRDA:43,4,0,0
BRDA:43,4,1,0
BRDA:50,5,0,0
BRDA:50,5,1,0
BRDA:57,6,0,0
BRDA:57,6,1,0
BRF:14
BRH:0
end_of_record
TN:
SF:src\controllers\TagsController.ts
FN:5,(anonymous_1)
FNF:1
FNH:1
FNDA:1,(anonymous_1)
DA:1,1
DA:2,1
DA:6,1
DA:10,1
DA:12,1
LF:5
LH:5
BRF:0
BRH:0
end_of_record
TN:
SF:src\controllers\index.ts
FN:1,(anonymous_0)
FNF:1
FNH:1
FNDA:1,(anonymous_0)
DA:1,2
LF:1
LH:1
BRF:0
BRH:0
end_of_record
TN:
SF:src\entities\ExternalPostEntity.ts
FN:4,(anonymous_1)
FNF:1
FNH:1
FNDA:1,(anonymous_1)
DA:1,1
DA:2,1
DA:4,1
DA:5,1
DA:6,1
DA:63,1
DA:64,1
LF:7
LH:7
BRF:0
BRH:0
end_of_record
TN:
SF:src\entities\PostEntity.ts
FN:4,(anonymous_1)
FNF:1
FNH:1
FNDA:1,(anonymous_1)
DA:1,1
DA:2,1
DA:4,1
DA:9,1
DA:56,1
DA:57,1
LF:6
LH:6
BRF:0
BRH:0
end_of_record
TN:
SF:src\entities\SnippetEntity.ts
FN:3,(anonymous_1)
FNF:1
FNH:1
FNDA:1,(anonymous_1)
DA:1,1
DA:3,1
DA:4,1
DA:28,1
DA:29,1
LF:5
LH:5
BRF:0
BRH:0
end_of_record
TN:
SF:src\entities\TagEntity.ts
FN:4,(anonymous_1)
FNF:1
FNH:1
FNDA:1,(anonymous_1)
DA:2,1
DA:4,1
DA:5,1
DA:29,1
DA:30,1
LF:5
LH:5
BRF:0
BRH:0
end_of_record
TN:
SF:src\entities\UserEntity.ts
FN:4,(anonymous_1)
FNF:1
FNH:1
FNDA:1,(anonymous_1)
DA:1,1
DA:2,1
DA:4,1
DA:5,1
DA:63,1
DA:64,1
LF:6
LH:6
BRF:0
BRH:0
end_of_record
TN:
SF:src\entities\UserTypeEntity.ts
FN:3,(anonymous_1)
FNF:1
FNH:1
FNDA:1,(anonymous_1)
DA:1,1
DA:3,1
DA:4,1
DA:28,1
DA:29,1
LF:5
LH:5
BRF:0
BRH:0
end_of_record
TN:
SF:src\entities\index.ts
FNF:0
FNH:0
DA:1,1
DA:2,1
DA:3,1
DA:4,1
DA:5,1
DA:6,1
DA:8,1
DA:9,1
DA:10,1
DA:11,1
DA:12,1
DA:17,1
DA:20,1
DA:21,1
DA:22,1
DA:23,1
DA:24,1
DA:25,1
LF:18
LH:18
BRF:0
BRH:0
end_of_record
TN:
SF:src\helpers\Faker.ts
FN:4,(anonymous_0)
FNF:1
FNH:1
FNDA:1,(anonymous_0)
DA:1,1
DA:5,1
DA:6,1
DA:10,1
LF:4
LH:4
BRF:0
BRH:0
end_of_record
TN:
SF:src\helpers\environment-validator.ts
FN:7,(anonymous_1)
FNF:1
FNH:1
FNDA:2,(anonymous_1)
DA:1,1
DA:5,1
DA:7,1
DA:8,2
DA:9,0
DA:13,0
DA:16,2
DA:17,0
DA:21,0
LF:9
LH:5
BRDA:8,0,0,0
BRDA:16,1,0,0
BRF:2
BRH:0
end_of_record
TN:
SF:src\initial-data\index.ts
FNF:0
FNH:0
DA:2,1
DA:3,1
DA:5,1
LF:3
LH:3
BRF:0
BRH:0
end_of_record
TN:
SF:src\initial-data\tagEntity.ts
FNF:0
FNH:0
DA:1,1
LF:1
LH:1
BRF:0
BRH:0
end_of_record
TN:
SF:src\initial-data\userTypeEntity.ts
FNF:0
FNH:0
DA:1,1
LF:1
LH:1
BRF:0
BRH:0
end_of_record
TN:
SF:src\main\config\Logger.ts
FN:39,(anonymous_1)
FN:43,(anonymous_2)
FN:45,(anonymous_3)
FNF:3
FNH:2
FNDA:1,(anonymous_1)
FNDA:1,(anonymous_2)
FNDA:0,(anonymous_3)
DA:1,1
DA:2,1
DA:5,1
DA:40,1
DA:44,1
DA:46,0
DA:50,1
DA:77,1
DA:79,1
DA:83,1
DA:85,1
LF:11
LH:10
BRF:0
BRH:0
end_of_record
TN:
SF:src\main\config\apps\express.ts
FN:5,(anonymous_1)
FN:13,(anonymous_2)
FNF:2
FNH:2
FNDA:2,(anonymous_1)
FNDA:1,(anonymous_2)
DA:1,1
DA:2,1
DA:3,1
DA:5,1
DA:6,2
DA:7,2
DA:8,2
DA:9,2
DA:11,2
DA:13,2
DA:14,1
DA:20,2
DA:22,0
DA:27,0
LF:14
LH:12
BRF:0
BRH:0
end_of_record
TN:
SF:src\main\config\apps\index.ts
FN:3,(anonymous_0)
FNF:1
FNH:1
FNDA:2,(anonymous_0)
DA:1,1
DA:3,2
LF:2
LH:2
BRF:0
BRH:0
end_of_record
TN:
SF:src\main\config\database\MongooseStrategy.ts
FN:18,(anonymous_1)
FN:24,(anonymous_2)
FN:41,(anonymous_3)
FN:57,(anonymous_4)
FNF:4
FNH:3
FNDA:2,(anonymous_1)
FNDA:2,(anonymous_2)
FNDA:2,(anonymous_3)
FNDA:0,(anonymous_4)
DA:1,1
DA:2,1
DA:11,1
DA:22,2
DA:28,2
DA:29,2
DA:31,2
DA:36,0
DA:37,0
DA:42,2
DA:43,2
DA:52,0
DA:53,0
DA:58,0
DA:59,0
DA:60,0
DA:61,0
DA:62,0
DA:65,0
DA:70,0
DA:71,0
DA:76,1
LF:22
LH:10
BRDA:61,0,0,0
BRF:1
BRH:0
end_of_record
TN:
SF:src\main\config\database\config.ts
FN:9,(anonymous_0)
FNF:1
FNH:1
FNDA:2,(anonymous_0)
DA:9,1
DA:15,2
LF:2
LH:2
BRF:0
BRH:0
end_of_record
TN:
SF:src\main\config\database\index.ts
FN:12,(anonymous_1)
FN:19,(anonymous_2)
FN:29,(anonymous_3)
FN:33,(anonymous_4)
FN:56,(anonymous_5)
FNF:5
FNH:5
FNDA:2,(anonymous_1)
FNDA:2,(anonymous_2)
FNDA:2,(anonymous_3)
FNDA:2,(anonymous_4)
FNDA:2,(anonymous_5)
DA:1,1
DA:3,1
DA:4,1
DA:5,1
DA:13,2
DA:26,2
DA:30,2
DA:38,2
DA:39,2
DA:40,2
DA:41,2
DA:42,2
DA:44,2
DA:45,0
DA:48,0
DA:56,1
DA:63,2
DA:65,2
DA:73,2
DA:74,2
DA:75,2
DA:77,2
DA:79,2
LF:23
LH:21
BRDA:39,0,0,0
BRDA:41,1,0,2
BRDA:44,2,0,0
BRF:3
BRH:1
end_of_record
TN:
SF:src\main\server\server.ts
FN:6,(anonymous_0)
FNF:1
FNH:1
FNDA:2,(anonymous_0)
DA:1,1
DA:2,1
DA:3,1
DA:4,1
DA:6,1
DA:7,2
DA:8,2
DA:13,2
DA:14,2
DA:16,2
DA:19,1
LF:11
LH:11
BRDA:10,0,0,2
BRDA:10,0,1,0
BRF:2
BRH:1
end_of_record
TN:
SF:src\pojos\BaseController.ts
FN:17,(anonymous_1)
FN:21,(anonymous_2)
FN:31,(anonymous_3)
FN:44,(anonymous_4)
FNF:4
FNH:1
FNDA:1,(anonymous_1)
FNDA:0,(anonymous_2)
FNDA:0,(anonymous_3)
FNDA:0,(anonymous_4)
DA:2,1
DA:3,1
DA:16,1
DA:18,1
DA:22,0
DA:32,0
DA:33,0
DA:39,0
DA:41,0
DA:48,0
DA:49,0
DA:51,0
DA:55,0
LF:13
LH:4
BRDA:32,0,0,0
BRF:1
BRH:0
end_of_record
TN:
SF:src\pojos\BaseEntity.ts
FN:10,(anonymous_0)
FNF:1
FNH:1
FNDA:6,(anonymous_0)
DA:5,6
DA:6,6
DA:7,6
DA:8,6
DA:11,6
DA:12,6
DA:13,6
DA:24,1
LF:8
LH:8
BRDA:13,0,0,6
BRF:1
BRH:1
end_of_record
TN:
SF:src\pojos\CrudController.ts
FN:16,(anonymous_0)
FN:21,(anonymous_1)
FN:37,(anonymous_2)
FN:38,(anonymous_3)
FN:39,(anonymous_4)
FN:40,(anonymous_5)
FNF:6
FNH:2
FNDA:1,(anonymous_0)
FNDA:1,(anonymous_1)
FNDA:0,(anonymous_2)
FNDA:0,(anonymous_3)
FNDA:0,(anonymous_4)
FNDA:0,(anonymous_5)
DA:1,1
DA:17,1
DA:18,1
DA:21,1
DA:22,1
DA:23,1
DA:25,1
DA:34,0
DA:37,1
DA:38,1
DA:39,1
DA:40,1
DA:43,1
LF:13
LH:12
BRF:0
BRH:0
end_of_record
TN:
SF:src\pojos\MessagesController.ts
FN:8,(anonymous_0)
FNF:1
FNH:0
FNDA:0,(anonymous_0)
DA:2,1
DA:3,1
DA:13,0
DA:19,1
LF:4
LH:3
BRF:0
BRH:0
end_of_record
TN:
SF:src\pojos\MongooseEntity.ts
FN:5,(anonymous_7)
FN:15,(anonymous_8)
FN:22,(anonymous_9)
FN:30,(anonymous_10)
FN:37,(anonymous_11)
FN:40,(anonymous_12)
FNF:6
FNH:3
FNDA:6,(anonymous_7)
FNDA:6,(anonymous_8)
FNDA:1,(anonymous_9)
FNDA:0,(anonymous_10)
FNDA:0,(anonymous_11)
FNDA:0,(anonymous_12)
DA:1,1
DA:2,1
DA:12,6
DA:16,6
DA:17,6
DA:18,6
DA:20,6
DA:23,1
DA:25,1
DA:26,1
DA:28,1
DA:31,0
DA:33,0
DA:35,0
DA:38,0
DA:40,0
DA:50,0
DA:52,0
DA:56,1
LF:19
LH:12
BRDA:8,0,0,6
BRDA:23,1,0,0
BRDA:31,2,0,0
BRDA:38,3,0,0
BRF:4
BRH:1
end_of_record
TN:
SF:src\pojos\Singleton.ts
FN:3,(anonymous_0)
FN:9,(anonymous_1)
FNF:2
FNH:2
FNDA:1,(anonymous_0)
FNDA:1,(anonymous_1)
DA:4,1
DA:5,0
DA:10,1
DA:11,1
DA:14,1
DA:18,1
LF:6
LH:5
BRDA:4,0,0,0
BRDA:10,1,0,1
BRF:2
BRH:1
end_of_record
TN:
SF:src\pojos\index.ts
FNF:0
FNH:0
DA:1,1
DA:3,1
LF:2
LH:2
BRF:0
BRH:0
end_of_record
TN:
SF:src\routes\TagRouter.ts
FNF:0
FNH:0
DA:1,1
DA:2,1
DA:4,1
DA:6,1
DA:8,1
LF:5
LH:5
BRF:0
BRH:0
end_of_record
TN:
SF:src\routes\index.ts
FN:1,(anonymous_0)
FNF:1
FNH:1
FNDA:2,(anonymous_0)
DA:1,3
LF:1
LH:1
BRF:0
BRH:0
end_of_record
